# JRE version: OpenJDK Runtime Environment Temurin-21.0.10+7 (21.0.10+7) (build 21.0.10+7-LTS)
# Java VM: OpenJDK 64-Bit Server VM Temurin-21.0.10+7 (21.0.10+7-LTS, mixed mode, sharing, tiered, compressed oops, compressed class ptrs, parallel gc, windows-amd64)
GC Precious Log:
 CardTable entry size: 512
 CPUs: 4 total, 4 available
 Memory: 16259M
 Large Page Support: Disabled
 NUMA Support: Disabled
 Compressed Oops: Enabled (32-bit)
 Alignments: Space 512K, Generation 512K, Heap 2M
 Heap Min Capacity: 100M
 Heap Initial Capacity: 100M
 Heap Max Capacity: 2G
 Pre-touch: Disabled
 Parallel Workers: 4
Heap:
 PSYoungGen      total 2560K, used 1949K [0x00000000d5580000, 0x00000000d5900000, 0x0000000100000000)
  eden space 2048K, 88% used [0x00000000d5580000,0x00000000d5747748,0x00000000d5780000)
  from space 512K, 25% used [0x00000000d5880000,0x00000000d58a0000,0x00000000d5900000)
  to   space 512K, 0% used [0x00000000d5800000,0x00000000d5800000,0x00000000d5880000)
 ParOldGen       total 743424K, used 743032K [0x0000000080000000, 0x00000000ad600000, 0x00000000d5580000)
  object space 743424K, 99% used [0x0000000080000000,0x00000000ad59e300,0x00000000ad600000)
 Metaspace       used 77364K, committed 79104K, reserved 1179648K
  class space    used 8043K, committed 8832K, reserved 1048576K
GC Heap History (20 events):
Event: 3407.859 GC heap before
{Heap before GC invocations=300 (full 3):
 PSYoungGen      total 2560K, used 2555K [0x00000000d5580000, 0x00000000d5c80000, 0x0000000100000000)
  eden space 2048K, 100% used [0x00000000d5580000,0x00000000d5780000,0x00000000d5780000)
  from space 512K, 99% used [0x00000000d5a00000,0x00000000d5a7ec18,0x00000000d5a80000)
  to   space 2560K, 0% used [0x00000000d5780000,0x00000000d5780000,0x00000000d5a00000)
 ParOldGen       total 739328K, used 739295K [0x0000000080000000, 0x00000000ad200000, 0x00000000d5580000)
  object space 739328K, 99% used [0x0000000080000000,0x00000000ad1f7e88,0x00000000ad200000)
 Metaspace       used 77349K, committed 79104K, reserved 1179648K
  class space    used 8042K, committed 8832K, reserved 1048576K
}
Event: 3407.861 GC heap after
{Heap after GC invocations=300 (full 3):
 PSYoungGen      total 4096K, used 1574K [0x00000000d5580000, 0x00000000d5b80000, 0x0000000100000000)
  eden space 2048K, 0% used [0x00000000d5580000,0x00000000d5580000,0x00000000d5780000)
  from space 2048K, 76% used [0x00000000d5780000,0x00000000d5909810,0x00000000d5980000)
  to   space 2048K, 0% used [0x00000000d5980000,0x00000000d5980000,0x00000000d5b80000)
 ParOldGen       total 739840K, used 739815K [0x0000000080000000, 0x00000000ad280000, 0x00000000d5580000)
  object space 739840K, 99% used [0x0000000080000000,0x00000000ad279e60,0x00000000ad280000)
 Metaspace       used 77349K, committed 79104K, reserved 1179648K
  class space    used 8042K, committed 8832K, reserved 1048576K
}
Event: 3407.874 GC heap before
{Heap before GC invocations=301 (full 3):
 PSYoungGen      total 4096K, used 2991K [0x00000000d5580000, 0x00000000d5b80000, 0x0000000100000000)
  eden space 2048K, 69% used [0x00000000d5580000,0x00000000d56e27a8,0x00000000d5780000)
  from space 2048K, 76% used [0x00000000d5780000,0x00000000d5909810,0x00000000d5980000)
  to   space 2048K, 0% used [0x00000000d5980000,0x00000000d5980000,0x00000000d5b80000)
 ParOldGen       total 739840K, used 739815K [0x0000000080000000, 0x00000000ad280000, 0x00000000d5580000)
  object space 739840K, 99% used [0x0000000080000000,0x00000000ad279e60,0x00000000ad280000)
 Metaspace       used 77349K, committed 79104K, reserved 1179648K
  class space    used 8042K, committed 8832K, reserved 1048576K
}
Event: 3407.876 GC heap after
{Heap after GC invocations=301 (full 3):
 PSYoungGen      total 3584K, used 1152K [0x00000000d5580000, 0x00000000d5b00000, 0x0000000100000000)
  eden space 2048K, 0% used [0x00000000d5580000,0x00000000d5580000,0x00000000d5780000)
  from space 1536K, 75% used [0x00000000d5980000,0x00000000d5aa0168,0x00000000d5b00000)
  to   space 1536K, 0% used [0x00000000d5800000,0x00000000d5800000,0x00000000d5980000)
 ParOldGen       total 741376K, used 741346K [0x0000000080000000, 0x00000000ad400000, 0x00000000d5580000)
  object space 741376K, 99% used [0x0000000080000000,0x00000000ad3f89d0,0x00000000ad400000)
 Metaspace       used 77349K, committed 79104K, reserved 1179648K
  class space    used 8042K, committed 8832K, reserved 1048576K
}
Event: 3411.546 GC heap before
{Heap before GC invocations=302 (full 3):
 PSYoungGen      total 3584K, used 3200K [0x00000000d5580000, 0x00000000d5b00000, 0x0000000100000000)
  eden space 2048K, 100% used [0x00000000d5580000,0x00000000d5780000,0x00000000d5780000)
  from space 1536K, 75% used [0x00000000d5980000,0x00000000d5aa0168,0x00000000d5b00000)
  to   space 1536K, 0% used [0x00000000d5800000,0x00000000d5800000,0x00000000d5980000)
 ParOldGen       total 741376K, used 741346K [0x0000000080000000, 0x00000000ad400000, 0x00000000d5580000)
  object space 741376K, 99% used [0x0000000080000000,0x00000000ad3f89d0,0x00000000ad400000)
 Metaspace       used 77349K, committed 79104K, reserved 1179648K
  class space    used 8042K, committed 8832K, reserved 1048576K
}
Event: 3411.548 GC heap after
{Heap after GC invocations=302 (full 3):
 PSYoungGen      total 2560K, used 160K [0x00000000d5580000, 0x00000000d5a00000, 0x0000000100000000)
  eden space 2048K, 0% used [0x00000000d5580000,0x00000000d5580000,0x00000000d5780000)
  from space 512K, 31% used [0x00000000d5800000,0x00000000d5828000,0x00000000d5880000)
  to   space 1024K, 0% used [0x00000000d5900000,0x00000000d5900000,0x00000000d5a00000)
 ParOldGen       total 741888K, used 741442K [0x0000000080000000, 0x00000000ad480000, 0x00000000d5580000)
  object space 741888K, 99% used [0x0000000080000000,0x00000000ad4109d0,0x00000000ad480000)
 Metaspace       used 77349K, committed 79104K, reserved 1179648K
  class space    used 8042K, committed 8832K, reserved 1048576K
}
Event: 3412.024 GC heap before
{Heap before GC invocations=303 (full 3):
 PSYoungGen      total 2560K, used 2037K [0x00000000d5580000, 0x00000000d5a00000, 0x0000000100000000)
  eden space 2048K, 91% used [0x00000000d5580000,0x00000000d5755730,0x00000000d5780000)
  from space 512K, 31% used [0x00000000d5800000,0x00000000d5828000,0x00000000d5880000)
  to   space 1024K, 0% used [0x00000000d5900000,0x00000000d5900000,0x00000000d5a00000)
 ParOldGen       total 741888K, used 741442K [0x0000000080000000, 0x00000000ad480000, 0x00000000d5580000)
  object space 741888K, 99% used [0x0000000080000000,0x00000000ad4109d0,0x00000000ad480000)
 Metaspace       used 77349K, committed 79104K, reserved 1179648K
  class space    used 8042K, committed 8832K, reserved 1048576K
}
Event: 3412.026 GC heap after
{Heap after GC invocations=303 (full 3):
 PSYoungGen      total 2560K, used 192K [0x00000000d5580000, 0x00000000d5980000, 0x0000000100000000)
  eden space 2048K, 0% used [0x00000000d5580000,0x00000000d5580000,0x00000000d5780000)
  from space 512K, 37% used [0x00000000d5900000,0x00000000d5930000,0x00000000d5980000)
  to   space 512K, 0% used [0x00000000d5800000,0x00000000d5800000,0x00000000d5880000)
 ParOldGen       total 741888K, used 741546K [0x0000000080000000, 0x00000000ad480000, 0x00000000d5580000)
  object space 741888K, 99% used [0x0000000080000000,0x00000000ad42a9d0,0x00000000ad480000)
 Metaspace       used 77349K, committed 79104K, reserved 1179648K
  class space    used 8042K, committed 8832K, reserved 1048576K
}
Event: 3412.031 GC heap before
{Heap before GC invocations=304 (full 3):
 PSYoungGen      total 2560K, used 2086K [0x00000000d5580000, 0x00000000d5980000, 0x0000000100000000)
  eden space 2048K, 92% used [0x00000000d5580000,0x00000000d5759bd0,0x00000000d5780000)
  from space 512K, 37% used [0x00000000d5900000,0x00000000d5930000,0x00000000d5980000)
  to   space 512K, 0% used [0x00000000d5800000,0x00000000d5800000,0x00000000d5880000)
 ParOldGen       total 741888K, used 741546K [0x0000000080000000, 0x00000000ad480000, 0x00000000d5580000)
  object space 741888K, 99% used [0x0000000080000000,0x00000000ad42a9d0,0x00000000ad480000)
 Metaspace       used 77349K, committed 79104K, reserved 1179648K
  class space    used 8042K, committed 8832K, reserved 1048576K
}
Event: 3412.033 GC heap after
{Heap after GC invocations=304 (full 3):
 PSYoungGen      total 2560K, used 504K [0x00000000d5580000, 0x00000000d5980000, 0x0000000100000000)
  eden space 2048K, 0% used [0x00000000d5580000,0x00000000d5580000,0x00000000d5780000)
  from space 512K, 98% used [0x00000000d5800000,0x00000000d587e110,0x00000000d5880000)
  to   space 1024K, 0% used [0x00000000d5880000,0x00000000d5880000,0x00000000d5980000)
 ParOldGen       total 742912K, used 742597K [0x0000000080000000, 0x00000000ad580000, 0x00000000d5580000)
  object space 742912K, 99% used [0x0000000080000000,0x00000000ad5317a0,0x00000000ad580000)
 Metaspace       used 77349K, committed 79104K, reserved 1179648K
  class space    used 8042K, committed 8832K, reserved 1048576K
}
Event: 3412.049 GC heap before
{Heap before GC invocations=305 (full 3):
 PSYoungGen      total 2560K, used 2544K [0x00000000d5580000, 0x00000000d5980000, 0x0000000100000000)
  eden space 2048K, 99% used [0x00000000d5580000,0x00000000d577e1d0,0x00000000d5780000)
  from space 512K, 98% used [0x00000000d5800000,0x00000000d587e110,0x00000000d5880000)
  to   space 1024K, 0% used [0x00000000d5880000,0x00000000d5880000,0x00000000d5980000)
 ParOldGen       total 742912K, used 742597K [0x0000000080000000, 0x00000000ad580000, 0x00000000d5580000)
  object space 742912K, 99% used [0x0000000080000000,0x00000000ad5317a0,0x00000000ad580000)
 Metaspace       used 77349K, committed 79104K, reserved 1179648K
  class space    used 8042K, committed 8832K, reserved 1048576K
}
Event: 3412.050 GC heap after
{Heap after GC invocations=305 (full 3):
 PSYoungGen      total 2560K, used 223K [0x00000000d5580000, 0x00000000d5900000, 0x0000000100000000)
  eden space 2048K, 0% used [0x00000000d5580000,0x00000000d5580000,0x00000000d5780000)
  from space 512K, 43% used [0x00000000d5880000,0x00000000d58b7df8,0x00000000d5900000)
  to   space 512K, 0% used [0x00000000d5800000,0x00000000d5800000,0x00000000d5880000)
 ParOldGen       total 742912K, used 742776K [0x0000000080000000, 0x00000000ad580000, 0x00000000d5580000)
  object space 742912K, 99% used [0x0000000080000000,0x00000000ad55e290,0x00000000ad580000)
 Metaspace       used 77349K, committed 79104K, reserved 1179648K
  class space    used 8042K, committed 8832K, reserved 1048576K
}
Event: 3412.066 GC heap before
{Heap before GC invocations=306 (full 3):
 PSYoungGen      total 2560K, used 2154K [0x00000000d5580000, 0x00000000d5900000, 0x0000000100000000)
  eden space 2048K, 94% used [0x00000000d5580000,0x00000000d5762a28,0x00000000d5780000)
  from space 512K, 43% used [0x00000000d5880000,0x00000000d58b7df8,0x00000000d5900000)
  to   space 512K, 0% used [0x00000000d5800000,0x00000000d5800000,0x00000000d5880000)
 ParOldGen       total 742912K, used 742776K [0x0000000080000000, 0x00000000ad580000, 0x00000000d5580000)
  object space 742912K, 99% used [0x0000000080000000,0x00000000ad55e290,0x00000000ad580000)
 Metaspace       used 77349K, committed 79104K, reserved 1179648K
  class space    used 8042K, committed 8832K, reserved 1048576K
}
Event: 3412.067 GC heap after
{Heap after GC invocations=306 (full 3):
 PSYoungGen      total 2560K, used 128K [0x00000000d5580000, 0x00000000d5900000, 0x0000000100000000)
  eden space 2048K, 0% used [0x00000000d5580000,0x00000000d5580000,0x00000000d5780000)
  from space 512K, 25% used [0x00000000d5800000,0x00000000d5820000,0x00000000d5880000)
  to   space 512K, 0% used [0x00000000d5880000,0x00000000d5880000,0x00000000d5900000)
 ParOldGen       total 742912K, used 742800K [0x0000000080000000, 0x00000000ad580000, 0x00000000d5580000)
  object space 742912K, 99% used [0x0000000080000000,0x00000000ad564290,0x00000000ad580000)
 Metaspace       used 77349K, committed 79104K, reserved 1179648K
  class space    used 8042K, committed 8832K, reserved 1048576K
}
Event: 3412.301 GC heap before
{Heap before GC invocations=307 (full 3):
 PSYoungGen      total 2560K, used 2138K [0x00000000d5580000, 0x00000000d5900000, 0x0000000100000000)
  eden space 2048K, 98% used [0x00000000d5580000,0x00000000d5776bf8,0x00000000d5780000)
  from space 512K, 25% used [0x00000000d5800000,0x00000000d5820000,0x00000000d5880000)
  to   space 512K, 0% used [0x00000000d5880000,0x00000000d5880000,0x00000000d5900000)
 ParOldGen       total 742912K, used 742800K [0x0000000080000000, 0x00000000ad580000, 0x00000000d5580000)
  object space 742912K, 99% used [0x0000000080000000,0x00000000ad564290,0x00000000ad580000)
 Metaspace       used 77349K, committed 79104K, reserved 1179648K
  class space    used 8042K, committed 8832K, reserved 1048576K
}
Event: 3412.302 GC heap after
{Heap after GC invocations=307 (full 3):
 PSYoungGen      total 2560K, used 128K [0x00000000d5580000, 0x00000000d5900000, 0x0000000100000000)
  eden space 2048K, 0% used [0x00000000d5580000,0x00000000d5580000,0x00000000d5780000)
  from space 512K, 25% used [0x00000000d5880000,0x00000000d58a0000,0x00000000d5900000)
  to   space 512K, 0% used [0x00000000d5800000,0x00000000d5800000,0x00000000d5880000)
 ParOldGen       total 742912K, used 742824K [0x0000000080000000, 0x00000000ad580000, 0x00000000d5580000)
  object space 742912K, 99% used [0x0000000080000000,0x00000000ad56a290,0x00000000ad580000)
 Metaspace       used 77349K, committed 79104K, reserved 1179648K
  class space    used 8042K, committed 8832K, reserved 1048576K
}
Event: 3413.226 GC heap before
{Heap before GC invocations=308 (full 3):
 PSYoungGen      total 2560K, used 2176K [0x00000000d5580000, 0x00000000d5900000, 0x0000000100000000)
  eden space 2048K, 100% used [0x00000000d5580000,0x00000000d5780000,0x00000000d5780000)
  from space 512K, 25% used [0x00000000d5880000,0x00000000d58a0000,0x00000000d5900000)
  to   space 512K, 0% used [0x00000000d5800000,0x00000000d5800000,0x00000000d5880000)
 ParOldGen       total 742912K, used 742824K [0x0000000080000000, 0x00000000ad580000, 0x00000000d5580000)
  object space 742912K, 99% used [0x0000000080000000,0x00000000ad56a290,0x00000000ad580000)
 Metaspace       used 77350K, committed 79104K, reserved 1179648K
  class space    used 8042K, committed 8832K, reserved 1048576K
}
Event: 3413.228 GC heap after
{Heap after GC invocations=308 (full 3):
 PSYoungGen      total 2560K, used 208K [0x00000000d5580000, 0x00000000d5900000, 0x0000000100000000)
  eden space 2048K, 0% used [0x00000000d5580000,0x00000000d5580000,0x00000000d5780000)
  from space 512K, 40% used [0x00000000d5800000,0x00000000d5834030,0x00000000d5880000)
  to   space 512K, 0% used [0x00000000d5880000,0x00000000d5880000,0x00000000d5900000)
 ParOldGen       total 742912K, used 742848K [0x0000000080000000, 0x00000000ad580000, 0x00000000d5580000)
  object space 742912K, 99% used [0x0000000080000000,0x00000000ad570290,0x00000000ad580000)
 Metaspace       used 77350K, committed 79104K, reserved 1179648K
  class space    used 8042K, committed 8832K, reserved 1048576K
}
Event: 16632.338 GC heap before
{Heap before GC invocations=309 (full 3):
 PSYoungGen      total 2560K, used 2256K [0x00000000d5580000, 0x00000000d5900000, 0x0000000100000000)
  eden space 2048K, 100% used [0x00000000d5580000,0x00000000d5780000,0x00000000d5780000)
  from space 512K, 40% used [0x00000000d5800000,0x00000000d5834030,0x00000000d5880000)
  to   space 512K, 0% used [0x00000000d5880000,0x00000000d5880000,0x00000000d5900000)
 ParOldGen       total 742912K, used 742848K [0x0000000080000000, 0x00000000ad580000, 0x00000000d5580000)
  object space 742912K, 99% used [0x0000000080000000,0x00000000ad570290,0x00000000ad580000)
 Metaspace       used 77364K, committed 79104K, reserved 1179648K
  class space    used 8043K, committed 8832K, reserved 1048576K
}
Event: 16632.355 GC heap after
{Heap after GC invocations=309 (full 3):
 PSYoungGen      total 2560K, used 128K [0x00000000d5580000, 0x00000000d5900000, 0x0000000100000000)
  eden space 2048K, 0% used [0x00000000d5580000,0x00000000d5580000,0x00000000d5780000)
  from space 512K, 25% used [0x00000000d5880000,0x00000000d58a0000,0x00000000d5900000)
  to   space 512K, 0% used [0x00000000d5800000,0x00000000d5800000,0x00000000d5880000)
 ParOldGen       total 743424K, used 743032K [0x0000000080000000, 0x00000000ad600000, 0x00000000d5580000)
  object space 743424K, 99% used [0x0000000080000000,0x00000000ad59e300,0x00000000ad600000)
 Metaspace       used 77364K, committed 79104K, reserved 1179648K
  class space    used 8043K, committed 8832K, reserved 1048576K
}

